Determining if the pthread_create exist failed with the following output:
Change Dir: /home/jetson/SLAM/runbot_custom_localization/frontend/SuperGlue_ROS/build/SuperGlue_ROS/CMakeFiles/CMakeTmp

Run Build Command:"/usr/bin/make" "cmTC_ada46/fast"
/usr/bin/make -f CMakeFiles/cmTC_ada46.dir/build.make CMakeFiles/cmTC_ada46.dir/build
make[1]: Entering directory '/home/jetson/SLAM/runbot_custom_localization/frontend/SuperGlue_ROS/build/SuperGlue_ROS/CMakeFiles/CMakeTmp'
Building C object CMakeFiles/cmTC_ada46.dir/CheckSymbolExists.c.o
/usr/bin/cc    -o CMakeFiles/cmTC_ada46.dir/CheckSymbolExists.c.o   -c /home/jetson/SLAM/runbot_custom_localization/frontend/SuperGlue_ROS/build/SuperGlue_ROS/CMakeFiles/CMakeTmp/CheckSymbolExists.c
Linking C executable cmTC_ada46
/usr/bin/cmake -E cmake_link_script CMakeFiles/cmTC_ada46.dir/link.txt --verbose=1
/usr/bin/cc      -rdynamic CMakeFiles/cmTC_ada46.dir/CheckSymbolExists.c.o  -o cmTC_ada46 
CMakeFiles/cmTC_ada46.dir/CheckSymbolExists.c.o: In function `main':
CheckSymbolExists.c:(.text+0x14): undefined reference to `pthread_create'
CheckSymbolExists.c:(.text+0x18): undefined reference to `pthread_create'
collect2: error: ld returned 1 exit status
CMakeFiles/cmTC_ada46.dir/build.make:97: recipe for target 'cmTC_ada46' failed
make[1]: *** [cmTC_ada46] Error 1
make[1]: Leaving directory '/home/jetson/SLAM/runbot_custom_localization/frontend/SuperGlue_ROS/build/SuperGlue_ROS/CMakeFiles/CMakeTmp'
Makefile:126: recipe for target 'cmTC_ada46/fast' failed
make: *** [cmTC_ada46/fast] Error 2

File /home/jetson/SLAM/runbot_custom_localization/frontend/SuperGlue_ROS/build/SuperGlue_ROS/CMakeFiles/CMakeTmp/CheckSymbolExists.c:
/* */
#include <pthread.h>

int main(int argc, char** argv)
{
  (void)argv;
#ifndef pthread_create
  return ((int*)(&pthread_create))[argc];
#else
  (void)argc;
  return 0;
#endif
}

Determining if the function pthread_create exists in the pthreads failed with the following output:
Change Dir: /home/jetson/SLAM/runbot_custom_localization/frontend/SuperGlue_ROS/build/SuperGlue_ROS/CMakeFiles/CMakeTmp

Run Build Command:"/usr/bin/make" "cmTC_8ef51/fast"
/usr/bin/make -f CMakeFiles/cmTC_8ef51.dir/build.make CMakeFiles/cmTC_8ef51.dir/build
make[1]: Entering directory '/home/jetson/SLAM/runbot_custom_localization/frontend/SuperGlue_ROS/build/SuperGlue_ROS/CMakeFiles/CMakeTmp'
Building C object CMakeFiles/cmTC_8ef51.dir/CheckFunctionExists.c.o
/usr/bin/cc   -DCHECK_FUNCTION_EXISTS=pthread_create   -o CMakeFiles/cmTC_8ef51.dir/CheckFunctionExists.c.o   -c /usr/share/cmake-3.10/Modules/CheckFunctionExists.c
Linking C executable cmTC_8ef51
/usr/bin/cmake -E cmake_link_script CMakeFiles/cmTC_8ef51.dir/link.txt --verbose=1
/usr/bin/cc  -DCHECK_FUNCTION_EXISTS=pthread_create    -rdynamic CMakeFiles/cmTC_8ef51.dir/CheckFunctionExists.c.o  -o cmTC_8ef51 -lpthreads 
/usr/bin/ld: cannot find -lpthreads
collect2: error: ld returned 1 exit status
CMakeFiles/cmTC_8ef51.dir/build.make:97: recipe for target 'cmTC_8ef51' failed
make[1]: *** [cmTC_8ef51] Error 1
make[1]: Leaving directory '/home/jetson/SLAM/runbot_custom_localization/frontend/SuperGlue_ROS/build/SuperGlue_ROS/CMakeFiles/CMakeTmp'
Makefile:126: recipe for target 'cmTC_8ef51/fast' failed
make: *** [cmTC_8ef51/fast] Error 2


