Determining if the pthread_create exist failed with the following output:
Change Dir: /home/jetson/SLAM/runbot_custom_localization/frontend/SuperGlue_ROS/build/catkin_tools_prebuild/CMakeFiles/CMakeTmp

Run Build Command:"/usr/bin/make" "cmTC_390cf/fast"
/usr/bin/make -f CMakeFiles/cmTC_390cf.dir/build.make CMakeFiles/cmTC_390cf.dir/build
make[1]: Entering directory '/home/jetson/SLAM/runbot_custom_localization/frontend/SuperGlue_ROS/build/catkin_tools_prebuild/CMakeFiles/CMakeTmp'
Building C object CMakeFiles/cmTC_390cf.dir/CheckSymbolExists.c.o
/usr/bin/cc    -o CMakeFiles/cmTC_390cf.dir/CheckSymbolExists.c.o   -c /home/jetson/SLAM/runbot_custom_localization/frontend/SuperGlue_ROS/build/catkin_tools_prebuild/CMakeFiles/CMakeTmp/CheckSymbolExists.c
Linking C executable cmTC_390cf
/usr/bin/cmake -E cmake_link_script CMakeFiles/cmTC_390cf.dir/link.txt --verbose=1
/usr/bin/cc      -rdynamic CMakeFiles/cmTC_390cf.dir/CheckSymbolExists.c.o  -o cmTC_390cf 
CMakeFiles/cmTC_390cf.dir/CheckSymbolExists.c.o: In function `main':
CheckSymbolExists.c:(.text+0x14): undefined reference to `pthread_create'
CheckSymbolExists.c:(.text+0x18): undefined reference to `pthread_create'
collect2: error: ld returned 1 exit status
CMakeFiles/cmTC_390cf.dir/build.make:97: recipe for target 'cmTC_390cf' failed
make[1]: *** [cmTC_390cf] Error 1
make[1]: Leaving directory '/home/jetson/SLAM/runbot_custom_localization/frontend/SuperGlue_ROS/build/catkin_tools_prebuild/CMakeFiles/CMakeTmp'
Makefile:126: recipe for target 'cmTC_390cf/fast' failed
make: *** [cmTC_390cf/fast] Error 2

File /home/jetson/SLAM/runbot_custom_localization/frontend/SuperGlue_ROS/build/catkin_tools_prebuild/CMakeFiles/CMakeTmp/CheckSymbolExists.c:
/* */
#include <pthread.h>

int main(int argc, char** argv)
{
  (void)argv;
#ifndef pthread_create
  return ((int*)(&pthread_create))[argc];
#else
  (void)argc;
  return 0;
#endif
}

Determining if the function pthread_create exists in the pthreads failed with the following output:
Change Dir: /home/jetson/SLAM/runbot_custom_localization/frontend/SuperGlue_ROS/build/catkin_tools_prebuild/CMakeFiles/CMakeTmp

Run Build Command:"/usr/bin/make" "cmTC_834e5/fast"
/usr/bin/make -f CMakeFiles/cmTC_834e5.dir/build.make CMakeFiles/cmTC_834e5.dir/build
make[1]: Entering directory '/home/jetson/SLAM/runbot_custom_localization/frontend/SuperGlue_ROS/build/catkin_tools_prebuild/CMakeFiles/CMakeTmp'
Building C object CMakeFiles/cmTC_834e5.dir/CheckFunctionExists.c.o
/usr/bin/cc   -DCHECK_FUNCTION_EXISTS=pthread_create   -o CMakeFiles/cmTC_834e5.dir/CheckFunctionExists.c.o   -c /usr/share/cmake-3.10/Modules/CheckFunctionExists.c
Linking C executable cmTC_834e5
/usr/bin/cmake -E cmake_link_script CMakeFiles/cmTC_834e5.dir/link.txt --verbose=1
/usr/bin/cc  -DCHECK_FUNCTION_EXISTS=pthread_create    -rdynamic CMakeFiles/cmTC_834e5.dir/CheckFunctionExists.c.o  -o cmTC_834e5 -lpthreads 
/usr/bin/ld: cannot find -lpthreads
collect2: error: ld returned 1 exit status
CMakeFiles/cmTC_834e5.dir/build.make:97: recipe for target 'cmTC_834e5' failed
make[1]: *** [cmTC_834e5] Error 1
make[1]: Leaving directory '/home/jetson/SLAM/runbot_custom_localization/frontend/SuperGlue_ROS/build/catkin_tools_prebuild/CMakeFiles/CMakeTmp'
Makefile:126: recipe for target 'cmTC_834e5/fast' failed
make: *** [cmTC_834e5/fast] Error 2


