[35m[1mScanning dependencies of target ov_msckf_lib[0m
[  4%] [32mBuilding CXX object CMakeFiles/ov_msckf_lib.dir/src/sim/Simulator.cpp.o[0m
[  9%] [32mBuilding CXX object CMakeFiles/ov_msckf_lib.dir/src/update/UpdaterMSCKF.cpp.o[0m
[ 14%] [32mBuilding CXX object CMakeFiles/ov_msckf_lib.dir/src/state/State.cpp.o[0m
[ 19%] [32mBuilding CXX object CMakeFiles/ov_msckf_lib.dir/src/state/StateHelper.cpp.o[0m
[ 23%] [32mBuilding CXX object CMakeFiles/ov_msckf_lib.dir/src/core/VioManager.cpp.o[0m
[ 28%] [32mBuilding CXX object CMakeFiles/ov_msckf_lib.dir/src/state/Propagator.cpp.o[0m
[ 33%] [32mBuilding CXX object CMakeFiles/ov_msckf_lib.dir/src/update/UpdaterHelper.cpp.o[0m
[ 38%] [32mBuilding CXX object CMakeFiles/ov_msckf_lib.dir/src/update/UpdaterSLAM.cpp.o[0m
[ 42%] [32mBuilding CXX object CMakeFiles/ov_msckf_lib.dir/src/update/UpdaterZeroVelocity.cpp.o[0m
[ 47%] [32mBuilding CXX object CMakeFiles/ov_msckf_lib.dir/src/core/RosVisualizer.cpp.o[0m
[ 52%] [32m[1mLinking CXX shared library /home/nuc/runbot/src/runbot/runbot_localization/backend/OpenVINS/devel/.private/ov_msckf/lib/libov_msckf_lib.so[0m
[ 52%] Built target ov_msckf_lib
[35m[1mScanning dependencies of target run_subscribe_msckf[0m
[35m[1mScanning dependencies of target run_serial_msckf[0m
[35m[1mScanning dependencies of target test_sim_meas[0m
[35m[1mScanning dependencies of target test_sim_repeat[0m
[35m[1mScanning dependencies of target run_simulation[0m
[ 57%] [32mBuilding CXX object CMakeFiles/test_sim_repeat.dir/src/test_sim_repeat.cpp.o[0m
[ 61%] [32mBuilding CXX object CMakeFiles/run_serial_msckf.dir/src/ros_serial_msckf.cpp.o[0m
[ 66%] [32mBuilding CXX object CMakeFiles/test_sim_meas.dir/src/test_sim_meas.cpp.o[0m
[ 71%] [32mBuilding CXX object CMakeFiles/run_subscribe_msckf.dir/src/ros_subscribe_msckf.cpp.o[0m
[ 76%] [32mBuilding CXX object CMakeFiles/run_simulation.dir/src/run_simulation.cpp.o[0m
[ 80%] [32m[1mLinking CXX executable /home/nuc/runbot/src/runbot/runbot_localization/backend/OpenVINS/devel/.private/ov_msckf/lib/ov_msckf/run_serial_msckf[0m
[ 80%] Built target run_serial_msckf
[ 85%] [32m[1mLinking CXX executable /home/nuc/runbot/src/runbot/runbot_localization/backend/OpenVINS/devel/.private/ov_msckf/lib/ov_msckf/test_sim_repeat[0m
[ 85%] Built target test_sim_repeat
[ 90%] [32m[1mLinking CXX executable /home/nuc/runbot/src/runbot/runbot_localization/backend/OpenVINS/devel/.private/ov_msckf/lib/ov_msckf/run_subscribe_msckf[0m
[ 95%] [32m[1mLinking CXX executable /home/nuc/runbot/src/runbot/runbot_localization/backend/OpenVINS/devel/.private/ov_msckf/lib/ov_msckf/test_sim_meas[0m
[ 95%] Built target run_subscribe_msckf
[ 95%] Built target test_sim_meas
[100%] [32m[1mLinking CXX executable /home/nuc/runbot/src/runbot/runbot_localization/backend/OpenVINS/devel/.private/ov_msckf/lib/ov_msckf/run_simulation[0m
[100%] Built target run_simulation
